<?xml version="1.0" encoding="UTF-8"?>
<testsuite xmlns:xsi="http://www.w3.org/2001/XMLSchema-instance" xsi:noNamespaceSchemaLocation="https://maven.apache.org/surefire/maven-surefire-plugin/xsd/surefire-test-report.xsd" version="3.0.2" name="com.yuanyu.imagesearchmcpserver.ImageSearchMcpServerApplicationTests" time="3.919" tests="1" errors="0" skipped="0" failures="0">
  <properties>
[...]
</properties>
  <testcase name="contextLoads" classname="com.yuanyu.imagesearchmcpserver.ImageSearchMcpServerApplicationTests" time="1.136">
    <system-out><![CDATA[19:53:50.531 [main] INFO org.springframework.test.context.support.AnnotationConfigContextLoaderUtils -- Could not detect default configuration classes for test class [com.yuanyu.imagesearchmcpserver.ImageSearchMcpServerApplicationTests]: ImageSearchMcpServerApplicationTests does not declare any static, non-private, non-final, nested classes annotated with @Configuration.
19:53:50.707 [main] INFO org.springframework.boot.test.context.SpringBootTestContextBootstrapper -- Found @SpringBootConfiguration com.yuanyu.imagesearchmcpserver.ImageSearchMcpServerApplication for test class com.yuanyu.imagesearchmcpserver.ImageSearchMcpServerApplicationTests
2025-09-07T19:53:51.577+08:00  INFO 10108 --- [yu-image-search-mcp-server] [           main] y.i.ImageSearchMcpServerApplicationTests : Starting ImageSearchMcpServerApplicationTests using Java 21.0.8 with PID 10108 (started by YUANYU in D:\Project\ai-agent\image-search-mcp-server)
2025-09-07T19:53:51.578+08:00  INFO 10108 --- [yu-image-search-mcp-server] [           main] y.i.ImageSearchMcpServerApplicationTests : The following 1 profile is active: "stdio"
2025-09-07T19:53:52.890+08:00  INFO 10108 --- [yu-image-search-mcp-server] [           main] o.s.a.a.m.s.MpcServerAutoConfiguration   : Registered tools1 notification: true
2025-09-07T19:53:53.128+08:00  INFO 10108 --- [yu-image-search-mcp-server] [           main] y.i.ImageSearchMcpServerApplicationTests : Started ImageSearchMcpServerApplicationTests in 2.154 seconds (process running for 3.58)
]]></system-out>
    <system-err><![CDATA[Mockito is currently self-attaching to enable the inline-mock-maker. This will no longer work in future releases of the JDK. Please add Mockito as an agent to your build as described in Mockito's documentation: https://javadoc.io/doc/org.mockito/mockito-core/latest/org.mockito/org/mockito/Mockito.html#0.3
WARNING: A Java agent has been loaded dynamically (C:\Users\asus\.m2\repository\net\bytebuddy\byte-buddy-agent\1.17.7\byte-buddy-agent-1.17.7.jar)
WARNING: If a serviceability tool is in use, please run with -XX:+EnableDynamicAgentLoading to hide this warning
WARNING: If a serviceability tool is not in use, please run with -Djdk.instrument.traceUsage for more information
WARNING: Dynamic loading of agents will be disallowed by default in a future release
]]></system-err>
  </testcase>
</testsuite>